<?xml version="1.0" encoding="UTF-8"?>
<testsuite name="com.aor.numbers.ListSorterTest" tests="1" skipped="0" failures="0" errors="0" timestamp="2022-10-21T14:31:27" hostname="uhuhOOOOOOOOH.local" time="0.011">
  <properties/>
  <testcase name="sortBug8726()" classname="com.aor.numbers.ListSorterTest" time="0.011"/>
  <system-out><![CDATA[]]></system-out>
  <system-err><![CDATA[]]></system-err>
</testsuite>
